<?xml version="1.0" encoding="UTF-8"?>
<testng-results ignored="0" total="1" passed="1" failed="0" skipped="0">
  <reporter-output>
  </reporter-output>
  <suite started-at="2026-08-20T14:01:30 IST" name="Default suite" finished-at="2026-08-20T14:01:42 IST" duration-ms="11904">
    <groups>
    </groups>
    <test started-at="2026-08-20T14:01:30 IST" name="Default test" finished-at="2026-08-20T14:01:42 IST" duration-ms="11904">
      <class name="com.SignalHire.TestCases.ExecuteLoginPage">
        <test-method signature="CheckValidUser()[pri:0, instance:com.SignalHire.TestCases.ExecuteLoginPage@4b23c30a]" started-at="2026-08-20T14:01:30 IST" name="CheckValidUser" finished-at="2026-08-20T14:01:42 IST" duration-ms="11686" status="PASS">
          <reporter-output>
          </reporter-output>
        </test-method> <!-- CheckValidUser -->
      </class> <!-- com.SignalHire.TestCases.ExecuteLoginPage -->
    </test> <!-- Default test -->
  </suite> <!-- Default suite -->
</testng-results>
